<?xml version="1.0" encoding="UTF-8"?>
<testng-results ignored="0" total="2" passed="2" failed="0" skipped="0">
  <reporter-output>
  </reporter-output>
  <suite started-at="2026-03-27T10:25:25 IST" name="Suite" finished-at="2026-03-27T10:26:04 IST" duration-ms="39048">
    <groups>
    </groups>
    <test started-at="2026-03-27T10:25:25 IST" name="Test" finished-at="2026-03-27T10:25:48 IST" duration-ms="23185">
      <class name="tests.GadgetTest">
        <test-method is-config="true" signature="setup(java.lang.String)[pri:0, instance:tests.GadgetTest@1e5f4170]" started-at="2026-03-27T10:25:25 IST" name="setup" finished-at="2026-03-27T10:25:33 IST" duration-ms="8347" status="PASS">
          <params>
            <param index="0">
              <value>
                <![CDATA[chrome]]>
              </value>
            </param>
          </params>
          <reporter-output>
          </reporter-output>
        </test-method> <!-- setup -->
        <test-method signature="test()[pri:0, instance:tests.GadgetTest@1e5f4170]" started-at="2026-03-27T10:25:33 IST" name="test" finished-at="2026-03-27T10:25:44 IST" duration-ms="10256" status="PASS">
          <reporter-output>
          </reporter-output>
        </test-method> <!-- test -->
        <test-method is-config="true" signature="tearDown()[pri:0, instance:tests.GadgetTest@1e5f4170]" started-at="2026-03-27T10:25:44 IST" name="tearDown" finished-at="2026-03-27T10:25:48 IST" duration-ms="4502" status="PASS">
          <reporter-output>
          </reporter-output>
        </test-method> <!-- tearDown -->
      </class> <!-- tests.GadgetTest -->
    </test> <!-- Test -->
    <test started-at="2026-03-27T10:25:48 IST" name="Test1" finished-at="2026-03-27T10:26:04 IST" duration-ms="15838">
      <class name="tests.GadgetTest">
        <test-method is-config="true" signature="setup(java.lang.String)[pri:0, instance:tests.GadgetTest@9f46d94]" started-at="2026-03-27T10:25:48 IST" name="setup" finished-at="2026-03-27T10:25:54 IST" duration-ms="5447" status="PASS">
          <params>
            <param index="0">
              <value>
                <![CDATA[edge]]>
              </value>
            </param>
          </params>
          <reporter-output>
          </reporter-output>
        </test-method> <!-- setup -->
        <test-method signature="test()[pri:0, instance:tests.GadgetTest@9f46d94]" started-at="2026-03-27T10:25:54 IST" name="test" finished-at="2026-03-27T10:26:01 IST" duration-ms="7321" status="PASS">
          <reporter-output>
          </reporter-output>
        </test-method> <!-- test -->
        <test-method is-config="true" signature="tearDown()[pri:0, instance:tests.GadgetTest@9f46d94]" started-at="2026-03-27T10:26:01 IST" name="tearDown" finished-at="2026-03-27T10:26:04 IST" duration-ms="3063" status="PASS">
          <reporter-output>
          </reporter-output>
        </test-method> <!-- tearDown -->
      </class> <!-- tests.GadgetTest -->
    </test> <!-- Test1 -->
  </suite> <!-- Suite -->
</testng-results>
